{"C:\\Users\\me\\Desktop\\ioc-sample\\src\\controller\\CustomerController.ts": {"path":"C:\\Users\\me\\Desktop\\ioc-sample\\src\\controller\\CustomerController.ts","statementMap":{"0":{"start":{"line":1,"column":0},"end":{"line":1,"column":62}},"1":{"start":{"line":2,"column":0},"end":{"line":2,"column":35}},"2":{"start":{"line":3,"column":0},"end":{"line":3,"column":61}},"3":{"start":{"line":4,"column":0},"end":{"line":4,"column":42}},"4":{"start":{"line":5,"column":0},"end":{"line":5,"column":49}},"5":{"start":{"line":7,"column":0},"end":{"line":7,"column":52}},"6":{"start":{"line":10,"column":0},"end":{"line":10,"column":13}},"7":{"start":{"line":12,"column":43},"end":{"line":12,"column":60}},"8":{"start":{"line":16,"column":15},"end":{"line":23,"column":null}},"9":{"start":{"line":17,"column":4},"end":{"line":17,"column":35}},"10":{"start":{"line":18,"column":28},"end":{"line":18,"column":null}},"11":{"start":{"line":18,"column":10},"end":{"line":18,"column":null}},"12":{"start":{"line":19,"column":4},"end":{"line":21,"column":null}},"13":{"start":{"line":20,"column":6},"end":{"line":20,"column":56}},"14":{"start":{"line":22,"column":4},"end":{"line":22,"column":48}},"15":{"start":{"line":26,"column":15},"end":{"line":35,"column":null}},"16":{"start":{"line":27,"column":12},"end":{"line":27,"column":19}},"17":{"start":{"line":28,"column":27},"end":{"line":30,"column":null}},"18":{"start":{"line":28,"column":10},"end":{"line":30,"column":null}},"19":{"start":{"line":31,"column":4},"end":{"line":33,"column":null}},"20":{"start":{"line":32,"column":6},"end":{"line":32,"column":55}},"21":{"start":{"line":34,"column":4},"end":{"line":34,"column":46}},"22":{"start":{"line":16,"column":2},"end":{"line":23,"column":null}},"23":{"start":{"line":26,"column":2},"end":{"line":35,"column":null}},"24":{"start":{"line":10,"column":13},"end":{"line":36,"column":null}},"25":{"start":{"line":36,"column":0},"end":{"line":36,"column":null}},"26":{"start":{"line":10,"column":13},"end":{"line":10,"column":31}}},"fnMap":{"0":{"name":"(anonymous_17)","decl":{"start":{"line":10,"column":0},"end":{"line":10,"column":13}},"loc":{"start":{"line":10,"column":0},"end":{"line":10,"column":13}}},"1":{"name":"CustomerController","decl":{"start":{"line":11,"column":2},"end":{"line":11,"column":null}},"loc":{"start":{"line":12,"column":75},"end":{"line":13,"column":6}}},"2":{"name":"(anonymous_19)","decl":{"start":{"line":16,"column":2},"end":{"line":16,"column":15}},"loc":{"start":{"line":16,"column":40},"end":{"line":23,"column":null}}},"3":{"name":"(anonymous_22)","decl":{"start":{"line":26,"column":2},"end":{"line":26,"column":15}},"loc":{"start":{"line":26,"column":43},"end":{"line":35,"column":null}}}},"branchMap":{"0":{"loc":{"start":{"line":19,"column":4},"end":{"line":21,"column":null}},"type":"if","locations":[{"start":{"line":19,"column":4},"end":{"line":21,"column":null}}]},"1":{"loc":{"start":{"line":31,"column":4},"end":{"line":33,"column":null}},"type":"if","locations":[{"start":{"line":31,"column":4},"end":{"line":33,"column":null}}]}},"s":{"0":1,"1":1,"2":1,"3":1,"4":1,"5":1,"6":1,"7":4,"8":1,"9":2,"10":2,"11":2,"12":2,"13":1,"14":1,"15":1,"16":2,"17":2,"18":2,"19":2,"20":1,"21":1,"22":1,"23":1,"24":1,"25":1,"26":1},"f":{"0":1,"1":4,"2":2,"3":2},"b":{"0":[1],"1":[1]}}
,"C:\\Users\\me\\Desktop\\ioc-sample\\src\\http\\HttpClient.ts": {"path":"C:\\Users\\me\\Desktop\\ioc-sample\\src\\http\\HttpClient.ts","statementMap":{"0":{"start":{"line":1,"column":0},"end":{"line":1,"column":26}},"1":{"start":{"line":3,"column":0},"end":{"line":3,"column":39}},"2":{"start":{"line":4,"column":0},"end":{"line":4,"column":47}},"3":{"start":{"line":5,"column":0},"end":{"line":5,"column":61}},"4":{"start":{"line":12,"column":2},"end":{"line":16,"column":null}},"5":{"start":{"line":13,"column":4},"end":{"line":13,"column":27}},"6":{"start":{"line":15,"column":4},"end":{"line":15,"column":15}},"7":{"start":{"line":20,"column":2},"end":{"line":24,"column":4}},"8":{"start":{"line":28,"column":0},"end":{"line":28,"column":13}},"9":{"start":{"line":32,"column":4},"end":{"line":32,"column":24}},"10":{"start":{"line":35,"column":9},"end":{"line":42,"column":null}},"11":{"start":{"line":40,"column":19},"end":{"line":40,"column":32}},"12":{"start":{"line":41,"column":4},"end":{"line":41,"column":65}},"13":{"start":{"line":44,"column":9},"end":{"line":52,"column":null}},"14":{"start":{"line":50,"column":19},"end":{"line":50,"column":33}},"15":{"start":{"line":51,"column":4},"end":{"line":51,"column":76}},"16":{"start":{"line":54,"column":9},"end":{"line":62,"column":null}},"17":{"start":{"line":60,"column":19},"end":{"line":60,"column":32}},"18":{"start":{"line":61,"column":4},"end":{"line":61,"column":76}},"19":{"start":{"line":64,"column":9},"end":{"line":72,"column":null}},"20":{"start":{"line":70,"column":19},"end":{"line":70,"column":35}},"21":{"start":{"line":71,"column":4},"end":{"line":71,"column":76}},"22":{"start":{"line":74,"column":10},"end":{"line":94,"column":null}},"23":{"start":{"line":78,"column":4},"end":{"line":85,"column":null}},"24":{"start":{"line":79,"column":6},"end":{"line":84,"column":9}},"25":{"start":{"line":87,"column":4},"end":{"line":92,"column":null}},"26":{"start":{"line":88,"column":6},"end":{"line":91,"column":9}},"27":{"start":{"line":93,"column":4},"end":{"line":93,"column":37}},"28":{"start":{"line":96,"column":10},"end":{"line":131,"column":null}},"29":{"start":{"line":96,"column":2},"end":{"line":96,"column":10}},"30":{"start":{"line":97,"column":36},"end":{"line":97,"column":44}},"31":{"start":{"line":97,"column":31},"end":{"line":97,"column":36}},"32":{"start":{"line":98,"column":4},"end":{"line":130,"column":7}},"33":{"start":{"line":99,"column":29},"end":{"line":120,"column":null}},"34":{"start":{"line":102,"column":21},"end":{"line":102,"column":23}},"35":{"start":{"line":103,"column":10},"end":{"line":105,"column":13}},"36":{"start":{"line":104,"column":12},"end":{"line":104,"column":26}},"37":{"start":{"line":107,"column":10},"end":{"line":119,"column":13}},"38":{"start":{"line":108,"column":12},"end":{"line":117,"column":null}},"39":{"start":{"line":109,"column":14},"end":{"line":116,"column":17}},"40":{"start":{"line":118,"column":12},"end":{"line":118,"column":73}},"41":{"start":{"line":123,"column":6},"end":{"line":125,"column":9}},"42":{"start":{"line":124,"column":8},"end":{"line":124,"column":56}},"43":{"start":{"line":126,"column":6},"end":{"line":128,"column":null}},"44":{"start":{"line":127,"column":8},"end":{"line":127,"column":41}},"45":{"start":{"line":129,"column":6},"end":{"line":129,"column":27}},"46":{"start":{"line":28,"column":13},"end":{"line":132,"column":null}},"47":{"start":{"line":132,"column":0},"end":{"line":132,"column":null}},"48":{"start":{"line":28,"column":13},"end":{"line":28,"column":23}}},"fnMap":{"0":{"name":"tryParse","decl":{"start":{"line":11,"column":9},"end":{"line":11,"column":17}},"loc":{"start":{"line":11,"column":29},"end":{"line":17,"column":1}}},"1":{"name":"checkIsBadStatus","decl":{"start":{"line":19,"column":9},"end":{"line":19,"column":25}},"loc":{"start":{"line":19,"column":58},"end":{"line":25,"column":1}}},"2":{"name":"(anonymous_6)","decl":{"start":{"line":28,"column":0},"end":{"line":28,"column":13}},"loc":{"start":{"line":28,"column":0},"end":{"line":28,"column":13}}},"3":{"name":"HttpClient","decl":{"start":{"line":31,"column":2},"end":{"line":31,"column":null}},"loc":{"start":{"line":31,"column":2},"end":{"line":33,"column":3}}},"4":{"name":"(anonymous_8)","decl":{"start":{"line":35,"column":2},"end":{"line":35,"column":9}},"loc":{"start":{"line":38,"column":33},"end":{"line":42,"column":3}}},"5":{"name":"(anonymous_9)","decl":{"start":{"line":44,"column":2},"end":{"line":44,"column":9}},"loc":{"start":{"line":48,"column":33},"end":{"line":52,"column":3}}},"6":{"name":"(anonymous_10)","decl":{"start":{"line":54,"column":2},"end":{"line":54,"column":9}},"loc":{"start":{"line":58,"column":33},"end":{"line":62,"column":3}}},"7":{"name":"(anonymous_11)","decl":{"start":{"line":64,"column":2},"end":{"line":64,"column":9}},"loc":{"start":{"line":68,"column":33},"end":{"line":72,"column":3}}},"8":{"name":"(anonymous_12)","decl":{"start":{"line":74,"column":2},"end":{"line":74,"column":10}},"loc":{"start":{"line":76,"column":20},"end":{"line":94,"column":3}}},"9":{"name":"(anonymous_13)","decl":{"start":{"line":96,"column":2},"end":{"line":96,"column":10}},"loc":{"start":{"line":96,"column":48},"end":{"line":131,"column":3}}},"10":{"name":"(anonymous_14)","decl":{"start":{"line":98,"column":23},"end":{"line":98,"column":24}},"loc":{"start":{"line":98,"column":31},"end":{"line":130,"column":5}}},"11":{"name":"(anonymous_15)","decl":{"start":{"line":101,"column":8},"end":{"line":101,"column":9}},"loc":{"start":{"line":101,"column":41},"end":{"line":120,"column":9}}},"12":{"name":"(anonymous_16)","decl":{"start":{"line":103,"column":37},"end":{"line":103,"column":38}},"loc":{"start":{"line":103,"column":43},"end":{"line":105,"column":11}}},"13":{"name":"(anonymous_17)","decl":{"start":{"line":107,"column":36},"end":{"line":107,"column":null}},"loc":{"start":{"line":107,"column":36},"end":{"line":119,"column":11}}},"14":{"name":"(anonymous_18)","decl":{"start":{"line":123,"column":33},"end":{"line":123,"column":34}},"loc":{"start":{"line":123,"column":37},"end":{"line":125,"column":7}}}},"branchMap":{"0":{"loc":{"start":{"line":21,"column":4},"end":{"line":23,"column":36}},"type":"binary-expr","locations":[{"start":{"line":21,"column":4},"end":{"line":21,"column":19}},{"start":{"line":22,"column":4},"end":{"line":22,"column":30}},{"start":{"line":23,"column":4},"end":{"line":23,"column":36}}]},"1":{"loc":{"start":{"line":78,"column":4},"end":{"line":85,"column":null}},"type":"if","locations":[{"start":{"line":78,"column":4},"end":{"line":85,"column":null}}]},"2":{"loc":{"start":{"line":78,"column":8},"end":{"line":78,"column":38}},"type":"binary-expr","locations":[{"start":{"line":78,"column":8},"end":{"line":78,"column":21}},{"start":{"line":78,"column":25},"end":{"line":78,"column":38}}]},"3":{"loc":{"start":{"line":87,"column":4},"end":{"line":92,"column":null}},"type":"if","locations":[{"start":{"line":87,"column":4},"end":{"line":92,"column":null}}]},"4":{"loc":{"start":{"line":87,"column":8},"end":{"line":87,"column":38}},"type":"binary-expr","locations":[{"start":{"line":87,"column":8},"end":{"line":87,"column":15}},{"start":{"line":87,"column":19},"end":{"line":87,"column":38}}]},"5":{"loc":{"start":{"line":108,"column":12},"end":{"line":117,"column":null}},"type":"if","locations":[{"start":{"line":108,"column":12},"end":{"line":117,"column":null}}]},"6":{"loc":{"start":{"line":126,"column":6},"end":{"line":128,"column":null}},"type":"if","locations":[{"start":{"line":126,"column":6},"end":{"line":128,"column":null}}]}},"s":{"0":1,"1":1,"2":1,"3":1,"4":6,"5":6,"6":1,"7":6,"8":1,"9":1,"10":1,"11":5,"12":5,"13":1,"14":2,"15":2,"16":1,"17":1,"18":1,"19":1,"20":1,"21":1,"22":1,"23":9,"24":1,"25":8,"26":1,"27":7,"28":1,"29":7,"30":7,"31":7,"32":7,"33":7,"34":6,"35":6,"36":6,"37":6,"38":6,"39":1,"40":6,"41":7,"42":1,"43":7,"44":3,"45":7,"46":1,"47":1,"48":1},"f":{"0":6,"1":6,"2":1,"3":1,"4":5,"5":2,"6":1,"7":1,"8":9,"9":7,"10":7,"11":6,"12":6,"13":6,"14":1},"b":{"0":[6,6,6],"1":[1],"2":[9,8],"3":[1],"4":[8,4],"5":[1],"6":[3]}}
,"C:\\Users\\me\\Desktop\\ioc-sample\\src\\middleware\\authorize.ts": {"path":"C:\\Users\\me\\Desktop\\ioc-sample\\src\\middleware\\authorize.ts","statementMap":{"0":{"start":{"line":4,"column":2},"end":{"line":4,"column":26}},"1":{"start":{"line":5,"column":2},"end":{"line":5,"column":9}},"2":{"start":{"line":3,"column":0},"end":{"line":3,"column":16}}},"fnMap":{"0":{"name":"authorize","decl":{"start":{"line":3,"column":16},"end":{"line":3,"column":25}},"loc":{"start":{"line":3,"column":73},"end":{"line":6,"column":1}}}},"branchMap":{},"s":{"0":1,"1":1,"2":2},"f":{"0":1},"b":{}}
,"C:\\Users\\me\\Desktop\\ioc-sample\\src\\middleware\\notFound.ts": {"path":"C:\\Users\\me\\Desktop\\ioc-sample\\src\\middleware\\notFound.ts","statementMap":{"0":{"start":{"line":4,"column":2},"end":{"line":4,"column":78}},"1":{"start":{"line":3,"column":0},"end":{"line":3,"column":16}}},"fnMap":{"0":{"name":"notFound","decl":{"start":{"line":3,"column":16},"end":{"line":3,"column":24}},"loc":{"start":{"line":3,"column":52},"end":{"line":5,"column":1}}}},"branchMap":{},"s":{"0":1,"1":1},"f":{"0":1},"b":{}}
,"C:\\Users\\me\\Desktop\\ioc-sample\\src\\repositories\\CustomerRepository.ts": {"path":"C:\\Users\\me\\Desktop\\ioc-sample\\src\\repositories\\CustomerRepository.ts","statementMap":{"0":{"start":{"line":1,"column":0},"end":{"line":1,"column":47}},"1":{"start":{"line":5,"column":0},"end":{"line":5,"column":42}},"2":{"start":{"line":6,"column":0},"end":{"line":6,"column":61}},"3":{"start":{"line":12,"column":0},"end":{"line":12,"column":13}},"4":{"start":{"line":15,"column":47},"end":{"line":15,"column":53}},"5":{"start":{"line":16,"column":4},"end":{"line":16,"column":46}},"6":{"start":{"line":19,"column":2},"end":{"line":31,"column":null}},"7":{"start":{"line":19,"column":2},"end":{"line":19,"column":9}},"8":{"start":{"line":20,"column":24},"end":{"line":20,"column":63}},"9":{"start":{"line":21,"column":4},"end":{"line":30,"column":7}},"10":{"start":{"line":22,"column":6},"end":{"line":29,"column":9}},"11":{"start":{"line":23,"column":8},"end":{"line":28,"column":null}},"12":{"start":{"line":24,"column":10},"end":{"line":24,"column":47}},"13":{"start":{"line":25,"column":10},"end":{"line":25,"column":58}},"14":{"start":{"line":27,"column":10},"end":{"line":27,"column":77}},"15":{"start":{"line":33,"column":2},"end":{"line":54,"column":null}},"16":{"start":{"line":33,"column":2},"end":{"line":33,"column":10}},"17":{"start":{"line":34,"column":24},"end":{"line":34,"column":80}},"18":{"start":{"line":35,"column":4},"end":{"line":53,"column":7}},"19":{"start":{"line":36,"column":6},"end":{"line":52,"column":9}},"20":{"start":{"line":37,"column":8},"end":{"line":51,"column":null}},"21":{"start":{"line":38,"column":10},"end":{"line":38,"column":58}},"22":{"start":{"line":40,"column":10},"end":{"line":50,"column":null}},"23":{"start":{"line":41,"column":12},"end":{"line":44,"column":15}},"24":{"start":{"line":46,"column":12},"end":{"line":49,"column":15}},"25":{"start":{"line":12,"column":13},"end":{"line":55,"column":null}},"26":{"start":{"line":55,"column":0},"end":{"line":55,"column":null}},"27":{"start":{"line":12,"column":13},"end":{"line":12,"column":31}}},"fnMap":{"0":{"name":"(anonymous_4)","decl":{"start":{"line":12,"column":0},"end":{"line":12,"column":13}},"loc":{"start":{"line":12,"column":0},"end":{"line":12,"column":13}}},"1":{"name":"CustomerRepository","decl":{"start":{"line":15,"column":2},"end":{"line":15,"column":22}},"loc":{"start":{"line":15,"column":53},"end":{"line":17,"column":3}}},"2":{"name":"(anonymous_6)","decl":{"start":{"line":19,"column":2},"end":{"line":19,"column":9}},"loc":{"start":{"line":19,"column":2},"end":{"line":31,"column":3}}},"3":{"name":"(anonymous_7)","decl":{"start":{"line":21,"column":23},"end":{"line":21,"column":24}},"loc":{"start":{"line":21,"column":31},"end":{"line":30,"column":5}}},"4":{"name":"(anonymous_8)","decl":{"start":{"line":22,"column":41},"end":{"line":22,"column":42}},"loc":{"start":{"line":22,"column":53},"end":{"line":29,"column":7}}},"5":{"name":"(anonymous_9)","decl":{"start":{"line":33,"column":2},"end":{"line":33,"column":10}},"loc":{"start":{"line":33,"column":21},"end":{"line":54,"column":3}}},"6":{"name":"(anonymous_10)","decl":{"start":{"line":35,"column":23},"end":{"line":35,"column":24}},"loc":{"start":{"line":35,"column":31},"end":{"line":53,"column":5}}},"7":{"name":"(anonymous_11)","decl":{"start":{"line":36,"column":41},"end":{"line":36,"column":42}},"loc":{"start":{"line":36,"column":53},"end":{"line":52,"column":7}}}},"branchMap":{"0":{"loc":{"start":{"line":23,"column":8},"end":{"line":28,"column":null}},"type":"if","locations":[{"start":{"line":23,"column":8},"end":{"line":28,"column":null}},{"start":{"line":26,"column":15},"end":{"line":28,"column":null}}]},"1":{"loc":{"start":{"line":37,"column":8},"end":{"line":51,"column":null}},"type":"if","locations":[{"start":{"line":37,"column":8},"end":{"line":51,"column":null}},{"start":{"line":39,"column":15},"end":{"line":51,"column":null}}]},"2":{"loc":{"start":{"line":40,"column":10},"end":{"line":50,"column":null}},"type":"if","locations":[{"start":{"line":40,"column":10},"end":{"line":50,"column":null}},{"start":{"line":45,"column":17},"end":{"line":50,"column":null}}]}},"s":{"0":1,"1":1,"2":1,"3":1,"4":5,"5":5,"6":1,"7":2,"8":2,"9":2,"10":2,"11":2,"12":1,"13":1,"14":1,"15":1,"16":3,"17":3,"18":3,"19":3,"20":3,"21":1,"22":2,"23":1,"24":1,"25":1,"26":1,"27":1},"f":{"0":1,"1":5,"2":2,"3":2,"4":2,"5":3,"6":3,"7":3},"b":{"0":[1,1],"1":[1,2],"2":[1,1]}}
,"C:\\Users\\me\\Desktop\\ioc-sample\\src\\service\\CustomerService.ts": {"path":"C:\\Users\\me\\Desktop\\ioc-sample\\src\\service\\CustomerService.ts","statementMap":{"0":{"start":{"line":1,"column":0},"end":{"line":1,"column":47}},"1":{"start":{"line":4,"column":0},"end":{"line":4,"column":42}},"2":{"start":{"line":7,"column":0},"end":{"line":7,"column":13}},"3":{"start":{"line":14,"column":4},"end":{"line":14,"column":49}},"4":{"start":{"line":17,"column":2},"end":{"line":19,"column":null}},"5":{"start":{"line":18,"column":4},"end":{"line":18,"column":45}},"6":{"start":{"line":21,"column":2},"end":{"line":23,"column":null}},"7":{"start":{"line":22,"column":4},"end":{"line":22,"column":48}},"8":{"start":{"line":7,"column":13},"end":{"line":24,"column":null}},"9":{"start":{"line":24,"column":0},"end":{"line":24,"column":null}},"10":{"start":{"line":7,"column":13},"end":{"line":7,"column":28}}},"fnMap":{"0":{"name":"(anonymous_4)","decl":{"start":{"line":7,"column":0},"end":{"line":7,"column":13}},"loc":{"start":{"line":7,"column":0},"end":{"line":7,"column":13}}},"1":{"name":"CustomerService","decl":{"start":{"line":10,"column":2},"end":{"line":10,"column":null}},"loc":{"start":{"line":12,"column":53},"end":{"line":15,"column":3}}},"2":{"name":"(anonymous_6)","decl":{"start":{"line":17,"column":2},"end":{"line":17,"column":14}},"loc":{"start":{"line":17,"column":2},"end":{"line":19,"column":3}}},"3":{"name":"(anonymous_7)","decl":{"start":{"line":21,"column":2},"end":{"line":21,"column":13}},"loc":{"start":{"line":21,"column":24},"end":{"line":23,"column":3}}}},"branchMap":{},"s":{"0":2,"1":2,"2":2,"3":1,"4":2,"5":1,"6":2,"7":1,"8":2,"9":2,"10":2},"f":{"0":2,"1":1,"2":1,"3":1},"b":{}}
,"C:\\Users\\me\\Desktop\\ioc-sample\\src\\types\\HttpTypes.ts": {"path":"C:\\Users\\me\\Desktop\\ioc-sample\\src\\types\\HttpTypes.ts","statementMap":{"0":{"start":{"line":1,"column":0},"end":{"line":1,"column":null}},"1":{"start":{"line":2,"column":2},"end":{"line":2,"column":null}},"2":{"start":{"line":3,"column":2},"end":{"line":3,"column":null}},"3":{"start":{"line":4,"column":2},"end":{"line":4,"column":null}},"4":{"start":{"line":5,"column":2},"end":{"line":5,"column":null}}},"fnMap":{"0":{"name":"(anonymous_0)","decl":{"start":{"line":1,"column":0},"end":{"line":1,"column":12}},"loc":{"start":{"line":1,"column":21},"end":{"line":6,"column":1}}}},"branchMap":{"0":{"loc":{"start":{"line":1,"column":12},"end":{"line":1,"column":null}},"type":"binary-expr","locations":[{"start":{"line":1,"column":12},"end":{"line":1,"column":21}},{"start":{"line":1,"column":12},"end":{"line":1,"column":null}}]}},"s":{"0":1,"1":1,"2":1,"3":1,"4":1},"f":{"0":1},"b":{"0":[1,1]}}
,"C:\\Users\\me\\Desktop\\ioc-sample\\src\\types\\IOCTypes.ts": {"path":"C:\\Users\\me\\Desktop\\ioc-sample\\src\\types\\IOCTypes.ts","statementMap":{"0":{"start":{"line":1,"column":13},"end":{"line":7,"column":2}}},"fnMap":{},"branchMap":{},"s":{"0":3},"f":{},"b":{}}
,"C:\\Users\\me\\Desktop\\ioc-sample\\src\\types\\ResultType.ts": {"path":"C:\\Users\\me\\Desktop\\ioc-sample\\src\\types\\ResultType.ts","statementMap":{"0":{"start":{"line":1,"column":0},"end":{"line":1,"column":null}},"1":{"start":{"line":2,"column":2},"end":{"line":2,"column":null}},"2":{"start":{"line":3,"column":2},"end":{"line":3,"column":null}}},"fnMap":{"0":{"name":"(anonymous_0)","decl":{"start":{"line":1,"column":0},"end":{"line":1,"column":12}},"loc":{"start":{"line":1,"column":22},"end":{"line":4,"column":1}}}},"branchMap":{"0":{"loc":{"start":{"line":1,"column":12},"end":{"line":1,"column":null}},"type":"binary-expr","locations":[{"start":{"line":1,"column":12},"end":{"line":1,"column":22}},{"start":{"line":1,"column":12},"end":{"line":1,"column":null}}]}},"s":{"0":3,"1":3,"2":3},"f":{"0":3},"b":{"0":[3,3]}}
}
