TN:
SF:src\controller\CustomerController.ts
FN:10,(anonymous_17)
FN:11,CustomerController
FN:16,(anonymous_19)
FN:26,(anonymous_22)
FNF:4
FNH:4
FNDA:1,(anonymous_17)
FNDA:4,CustomerController
FNDA:2,(anonymous_19)
FNDA:2,(anonymous_22)
DA:1,1
DA:2,1
DA:3,1
DA:4,1
DA:5,1
DA:7,1
DA:10,1
DA:12,4
DA:16,1
DA:17,2
DA:18,2
DA:19,2
DA:20,1
DA:22,1
DA:26,1
DA:27,2
DA:28,2
DA:31,2
DA:32,1
DA:34,1
DA:36,1
LF:21
LH:21
BRDA:19,0,0,1
BRDA:31,1,0,1
BRF:2
BRH:2
end_of_record
TN:
SF:src\http\HttpClient.ts
FN:11,tryParse
FN:19,checkIsBadStatus
FN:28,(anonymous_6)
FN:31,HttpClient
FN:35,(anonymous_8)
FN:44,(anonymous_9)
FN:54,(anonymous_10)
FN:64,(anonymous_11)
FN:74,(anonymous_12)
FN:96,(anonymous_13)
FN:98,(anonymous_14)
FN:101,(anonymous_15)
FN:103,(anonymous_16)
FN:107,(anonymous_17)
FN:123,(anonymous_18)
FNF:15
FNH:15
FNDA:6,tryParse
FNDA:6,checkIsBadStatus
FNDA:1,(anonymous_6)
FNDA:1,HttpClient
FNDA:5,(anonymous_8)
FNDA:2,(anonymous_9)
FNDA:1,(anonymous_10)
FNDA:1,(anonymous_11)
FNDA:9,(anonymous_12)
FNDA:7,(anonymous_13)
FNDA:7,(anonymous_14)
FNDA:6,(anonymous_15)
FNDA:6,(anonymous_16)
FNDA:6,(anonymous_17)
FNDA:1,(anonymous_18)
DA:1,1
DA:3,1
DA:4,1
DA:5,1
DA:12,6
DA:13,6
DA:15,1
DA:20,6
DA:28,1
DA:32,1
DA:35,1
DA:40,5
DA:41,5
DA:44,1
DA:50,2
DA:51,2
DA:54,1
DA:60,1
DA:61,1
DA:64,1
DA:70,1
DA:71,1
DA:74,1
DA:78,9
DA:79,1
DA:87,8
DA:88,1
DA:93,7
DA:96,7
DA:97,7
DA:98,7
DA:99,7
DA:102,6
DA:103,6
DA:104,6
DA:107,6
DA:108,6
DA:109,1
DA:118,6
DA:123,7
DA:124,1
DA:126,7
DA:127,3
DA:129,7
DA:132,1
LF:45
LH:45
BRDA:21,0,0,6
BRDA:21,0,1,6
BRDA:21,0,2,6
BRDA:78,1,0,1
BRDA:78,2,0,9
BRDA:78,2,1,8
BRDA:87,3,0,1
BRDA:87,4,0,8
BRDA:87,4,1,4
BRDA:108,5,0,1
BRDA:126,6,0,3
BRF:11
BRH:11
end_of_record
TN:
SF:src\middleware\authorize.ts
FN:3,authorize
FNF:1
FNH:1
FNDA:1,authorize
DA:3,2
DA:4,1
DA:5,1
LF:3
LH:3
BRF:0
BRH:0
end_of_record
TN:
SF:src\middleware\notFound.ts
FN:3,notFound
FNF:1
FNH:1
FNDA:1,notFound
DA:3,1
DA:4,1
LF:2
LH:2
BRF:0
BRH:0
end_of_record
TN:
SF:src\repositories\CustomerRepository.ts
FN:12,(anonymous_4)
FN:15,CustomerRepository
FN:19,(anonymous_6)
FN:21,(anonymous_7)
FN:22,(anonymous_8)
FN:33,(anonymous_9)
FN:35,(anonymous_10)
FN:36,(anonymous_11)
FNF:8
FNH:8
FNDA:1,(anonymous_4)
FNDA:5,CustomerRepository
FNDA:2,(anonymous_6)
FNDA:2,(anonymous_7)
FNDA:2,(anonymous_8)
FNDA:3,(anonymous_9)
FNDA:3,(anonymous_10)
FNDA:3,(anonymous_11)
DA:1,1
DA:5,1
DA:6,1
DA:12,1
DA:15,5
DA:16,5
DA:19,2
DA:20,2
DA:21,2
DA:22,2
DA:23,2
DA:24,1
DA:25,1
DA:27,1
DA:33,3
DA:34,3
DA:35,3
DA:36,3
DA:37,3
DA:38,1
DA:40,2
DA:41,1
DA:46,1
DA:55,1
LF:24
LH:24
BRDA:23,0,0,1
BRDA:23,0,1,1
BRDA:37,1,0,1
BRDA:37,1,1,2
BRDA:40,2,0,1
BRDA:40,2,1,1
BRF:6
BRH:6
end_of_record
TN:
SF:src\service\CustomerService.ts
FN:7,(anonymous_4)
FN:10,CustomerService
FN:17,(anonymous_6)
FN:21,(anonymous_7)
FNF:4
FNH:4
FNDA:2,(anonymous_4)
FNDA:1,CustomerService
FNDA:1,(anonymous_6)
FNDA:1,(anonymous_7)
DA:1,2
DA:4,2
DA:7,2
DA:14,1
DA:17,2
DA:18,1
DA:21,2
DA:22,1
DA:24,2
LF:9
LH:9
BRF:0
BRH:0
end_of_record
TN:
SF:src\types\HttpTypes.ts
FN:1,(anonymous_0)
FNF:1
FNH:1
FNDA:1,(anonymous_0)
DA:1,1
DA:2,1
DA:3,1
DA:4,1
DA:5,1
LF:5
LH:5
BRDA:1,0,0,1
BRDA:1,0,1,1
BRF:2
BRH:2
end_of_record
TN:
SF:src\types\IOCTypes.ts
FNF:0
FNH:0
DA:1,3
LF:1
LH:1
BRF:0
BRH:0
end_of_record
TN:
SF:src\types\ResultType.ts
FN:1,(anonymous_0)
FNF:1
FNH:1
FNDA:3,(anonymous_0)
DA:1,3
DA:2,3
DA:3,3
LF:3
LH:3
BRDA:1,0,0,3
BRDA:1,0,1,3
BRF:2
BRH:2
end_of_record
